<?xml version="1.0" encoding="UTF-8"?>
<!-- Generated by org.testng.reporters.JUnitXMLReporter -->
<testsuite hostname="POA-5CD8023MY5" ignored="0" tests="67" failures="0" timestamp="23 May 2018 23:22:29 GMT" time="100.751" errors="0">
  <testcase name="main" time="6.131" classname="Master"/>
  <testcase name="main" time="0.238" classname="Master"/>
  <testcase name="main" time="0.167" classname="Master"/>
  <testcase name="main" time="2.965" classname="Master"/>
  <testcase name="main" time="1.664" classname="Master"/>
  <testcase name="main" time="0.153" classname="Master"/>
  <testcase name="main" time="3.198" classname="Master"/>
  <testcase name="main" time="2.398" classname="Master"/>
  <testcase name="main" time="2.275" classname="Master"/>
  <testcase name="main" time="0.155" classname="Master"/>
  <testcase name="main" time="0.17" classname="Master"/>
  <testcase name="main" time="0.097" classname="Master"/>
  <testcase name="main" time="0.176" classname="Master"/>
  <testcase name="main" time="1.181" classname="Master"/>
  <testcase name="main" time="0.406" classname="Master"/>
  <testcase name="main" time="1.102" classname="Master"/>
  <testcase name="main" time="2.24" classname="Master"/>
  <testcase name="main" time="0.647" classname="Master"/>
  <testcase name="main" time="3.296" classname="Master"/>
  <testcase name="main" time="0.161" classname="Master"/>
  <testcase name="main" time="2.264" classname="Master"/>
  <testcase name="main" time="0.658" classname="Master"/>
  <testcase name="main" time="2.247" classname="Master"/>
  <testcase name="main" time="2.37" classname="Master"/>
  <testcase name="main" time="2.243" classname="Master"/>
  <testcase name="main" time="0.638" classname="Master"/>
  <testcase name="main" time="0.632" classname="Master"/>
  <testcase name="main" time="0.129" classname="Master"/>
  <testcase name="main" time="2.275" classname="Master"/>
  <testcase name="main" time="1.541" classname="Master"/>
  <testcase name="main" time="2.31" classname="Master"/>
  <testcase name="main" time="4.129" classname="Master"/>
  <testcase name="main" time="0.209" classname="Master"/>
  <testcase name="main" time="0.152" classname="Master"/>
  <testcase name="main" time="11.57" classname="Master"/>
  <testcase name="main" time="6.159" classname="Master"/>
  <testcase name="main" time="3.606" classname="Master"/>
  <testcase name="main" time="0.003" classname="Master"/>
  <testcase name="main" time="0.125" classname="Master"/>
  <testcase name="main" time="0.021" classname="Master"/>
  <testcase name="main" time="1.108" classname="Master"/>
  <testcase name="main" time="0.067" classname="Master"/>
  <testcase name="main" time="2.002" classname="Master"/>
  <testcase name="main" time="0.088" classname="Master"/>
  <testcase name="main" time="0.066" classname="Master"/>
  <testcase name="main" time="0.065" classname="Master"/>
  <testcase name="main" time="0.066" classname="Master"/>
  <testcase name="main" time="0.069" classname="Master"/>
  <testcase name="main" time="0.066" classname="Master"/>
  <testcase name="main" time="0.065" classname="Master"/>
  <testcase name="main" time="0.152" classname="Master"/>
  <testcase name="main" time="0.635" classname="Master"/>
  <testcase name="main" time="1.652" classname="Master"/>
  <testcase name="main" time="0.139" classname="Master"/>
  <testcase name="main" time="0.659" classname="Master"/>
  <testcase name="main" time="1.691" classname="Master"/>
  <testcase name="main" time="0.155" classname="Master"/>
  <testcase name="main" time="0.062" classname="Master"/>
  <testcase name="main" time="0.122" classname="Master"/>
  <testcase name="main" time="6.853" classname="Master"/>
  <testcase name="main" time="0.351" classname="Master"/>
  <testcase name="main" time="0.181" classname="Master"/>
  <testcase name="main" time="0.161" classname="Master"/>
  <testcase name="main" time="1.76" classname="Master"/>
  <testcase name="main" time="1.647" classname="Master"/>
  <testcase name="main" time="0.597" classname="Master"/>
  <testcase name="main" time="2.321" classname="Master"/>
</testsuite>
