<?xml version="1.0" encoding="UTF-8"?>
<!-- Generated by org.testng.reporters.JUnitXMLReporter -->
<testsuite hostname="POA-5CD8023MY5" ignored="0" tests="118" failures="0" timestamp="14 Jun 2018 00:38:22 GMT" time="105.082" errors="0">
  <testcase name="main" time="41.023" classname="Master"/>
  <testcase name="main" time="0.783" classname="Master"/>
  <testcase name="main" time="0.224" classname="Master"/>
  <testcase name="main" time="15.281" classname="Master"/>
  <testcase name="main" time="15.415" classname="Master"/>
  <testcase name="main" time="15.362" classname="Master"/>
  <testcase name="main" time="0.001" classname="Master"/>
  <testcase name="main" time="0.0" classname="Master"/>
  <testcase name="main" time="0.0" classname="Master"/>
  <testcase name="main" time="0.0" classname="Master"/>
  <testcase name="main" time="0.0" classname="Master"/>
  <testcase name="main" time="0.0" classname="Master"/>
  <testcase name="main" time="0.001" classname="Master"/>
  <testcase name="main" time="0.0" classname="Master"/>
  <testcase name="main" time="0.001" classname="Master"/>
  <testcase name="main" time="0.0" classname="Master"/>
  <testcase name="main" time="0.0" classname="Master"/>
  <testcase name="main" time="0.0" classname="Master"/>
  <testcase name="main" time="0.0" classname="Master"/>
  <testcase name="main" time="0.0" classname="Master"/>
  <testcase name="main" time="0.0" classname="Master"/>
  <testcase name="main" time="0.001" classname="Master"/>
  <testcase name="main" time="0.0" classname="Master"/>
  <testcase name="main" time="0.0" classname="Master"/>
  <testcase name="main" time="0.0" classname="Master"/>
  <testcase name="main" time="0.0" classname="Master"/>
  <testcase name="main" time="0.0" classname="Master"/>
  <testcase name="main" time="0.0" classname="Master"/>
  <testcase name="main" time="0.0" classname="Master"/>
  <testcase name="main" time="0.0" classname="Master"/>
  <testcase name="main" time="0.0" classname="Master"/>
  <testcase name="main" time="0.0" classname="Master"/>
  <testcase name="main" time="0.0" classname="Master"/>
  <testcase name="main" time="0.0" classname="Master"/>
  <testcase name="main" time="0.0" classname="Master"/>
  <testcase name="main" time="0.0" classname="Master"/>
  <testcase name="main" time="0.0" classname="Master"/>
  <testcase name="main" time="0.0" classname="Master"/>
  <testcase name="main" time="0.0" classname="Master"/>
  <testcase name="main" time="0.0" classname="Master"/>
  <testcase name="main" time="0.0" classname="Master"/>
  <testcase name="main" time="0.0" classname="Master"/>
  <testcase name="main" time="0.0" classname="Master"/>
  <testcase name="main" time="0.0" classname="Master"/>
  <testcase name="main" time="0.0" classname="Master"/>
  <testcase name="main" time="0.0" classname="Master"/>
  <testcase name="main" time="0.0" classname="Master"/>
  <testcase name="main" time="0.001" classname="Master"/>
  <testcase name="main" time="0.0" classname="Master"/>
  <testcase name="main" time="0.0" classname="Master"/>
  <testcase name="main" time="0.0" classname="Master"/>
  <testcase name="main" time="0.0" classname="Master"/>
  <testcase name="main" time="0.0" classname="Master"/>
  <testcase name="main" time="0.0" classname="Master"/>
  <testcase name="main" time="0.0" classname="Master"/>
  <testcase name="main" time="0.0" classname="Master"/>
  <testcase name="main" time="0.0" classname="Master"/>
  <testcase name="main" time="0.0" classname="Master"/>
  <testcase name="main" time="0.001" classname="Master"/>
  <testcase name="main" time="0.0" classname="Master"/>
  <testcase name="main" time="0.001" classname="Master"/>
  <testcase name="main" time="0.001" classname="Master"/>
  <testcase name="main" time="0.0" classname="Master"/>
  <testcase name="main" time="0.0" classname="Master"/>
  <testcase name="main" time="0.0" classname="Master"/>
  <testcase name="main" time="0.0" classname="Master"/>
  <testcase name="main" time="0.0" classname="Master"/>
  <testcase name="main" time="0.0" classname="Master"/>
  <testcase name="main" time="0.0" classname="Master"/>
  <testcase name="main" time="0.0" classname="Master"/>
  <testcase name="main" time="0.001" classname="Master"/>
  <testcase name="main" time="0.0" classname="Master"/>
  <testcase name="main" time="0.0" classname="Master"/>
  <testcase name="main" time="0.001" classname="Master"/>
  <testcase name="main" time="0.0" classname="Master"/>
  <testcase name="main" time="0.0" classname="Master"/>
  <testcase name="main" time="0.0" classname="Master"/>
  <testcase name="main" time="0.0" classname="Master"/>
  <testcase name="main" time="0.0" classname="Master"/>
  <testcase name="main" time="0.0" classname="Master"/>
  <testcase name="main" time="0.0" classname="Master"/>
  <testcase name="main" time="0.0" classname="Master"/>
  <testcase name="main" time="0.0" classname="Master"/>
  <testcase name="main" time="0.0" classname="Master"/>
  <testcase name="main" time="0.0" classname="Master"/>
  <testcase name="main" time="0.001" classname="Master"/>
  <testcase name="main" time="0.0" classname="Master"/>
  <testcase name="main" time="0.0" classname="Master"/>
  <testcase name="main" time="0.0" classname="Master"/>
  <testcase name="main" time="0.0" classname="Master"/>
  <testcase name="main" time="0.0" classname="Master"/>
  <testcase name="main" time="0.0" classname="Master"/>
  <testcase name="main" time="0.0" classname="Master"/>
  <testcase name="main" time="0.0" classname="Master"/>
  <testcase name="main" time="0.0" classname="Master"/>
  <testcase name="main" time="0.0" classname="Master"/>
  <testcase name="main" time="0.0" classname="Master"/>
  <testcase name="main" time="0.0" classname="Master"/>
  <testcase name="main" time="0.0" classname="Master"/>
  <testcase name="main" time="0.0" classname="Master"/>
  <testcase name="main" time="0.0" classname="Master"/>
  <testcase name="main" time="0.0" classname="Master"/>
  <testcase name="main" time="0.0" classname="Master"/>
  <testcase name="main" time="0.0" classname="Master"/>
  <testcase name="main" time="0.0" classname="Master"/>
  <testcase name="main" time="0.0" classname="Master"/>
  <testcase name="main" time="0.0" classname="Master"/>
  <testcase name="main" time="0.0" classname="Master"/>
  <testcase name="main" time="0.0" classname="Master"/>
  <testcase name="main" time="0.0" classname="Master"/>
  <testcase name="main" time="0.0" classname="Master"/>
  <testcase name="main" time="0.0" classname="Master"/>
  <testcase name="main" time="0.0" classname="Master"/>
  <testcase name="main" time="0.0" classname="Master"/>
  <testcase name="main" time="0.0" classname="Master"/>
  <testcase name="main" time="0.0" classname="Master"/>
  <testcase name="main" time="0.0" classname="Master"/>
  <testcase name="main" time="0.0" classname="Master"/>
</testsuite>
