<?xml version="1.0" encoding="UTF-8"?>
<!-- Generated by org.testng.reporters.JUnitXMLReporter -->
<testsuite hostname="POA-5CD8023MY5" ignored="0" tests="118" failures="0" timestamp="13 Jun 2018 22:02:42 GMT" time="236.811" errors="0">
  <testcase name="main" time="43.287" classname="Master"/>
  <testcase name="main" time="1.164" classname="Master"/>
  <testcase name="main" time="0.203" classname="Master"/>
  <testcase name="main" time="15.446" classname="Master"/>
  <testcase name="main" time="15.214" classname="Master"/>
  <testcase name="main" time="15.22" classname="Master"/>
  <testcase name="main" time="0.0" classname="Master"/>
  <testcase name="main" time="0.0" classname="Master"/>
  <testcase name="main" time="0.001" classname="Master"/>
  <testcase name="main" time="0.0" classname="Master"/>
  <testcase name="main" time="0.0" classname="Master"/>
  <testcase name="main" time="0.0" classname="Master"/>
  <testcase name="main" time="0.0" classname="Master"/>
  <testcase name="main" time="0.0" classname="Master"/>
  <testcase name="main" time="0.0" classname="Master"/>
  <testcase name="main" time="0.0" classname="Master"/>
  <testcase name="main" time="0.0" classname="Master"/>
  <testcase name="main" time="0.0" classname="Master"/>
  <testcase name="main" time="0.0" classname="Master"/>
  <testcase name="main" time="0.0" classname="Master"/>
  <testcase name="main" time="0.0" classname="Master"/>
  <testcase name="main" time="0.0" classname="Master"/>
  <testcase name="main" time="0.0" classname="Master"/>
  <testcase name="main" time="0.0" classname="Master"/>
  <testcase name="main" time="0.0" classname="Master"/>
  <testcase name="main" time="0.0" classname="Master"/>
  <testcase name="main" time="0.0" classname="Master"/>
  <testcase name="main" time="0.0" classname="Master"/>
  <testcase name="main" time="0.0" classname="Master"/>
  <testcase name="main" time="0.0" classname="Master"/>
  <testcase name="main" time="0.0" classname="Master"/>
  <testcase name="main" time="0.001" classname="Master"/>
  <testcase name="main" time="0.0" classname="Master"/>
  <testcase name="main" time="0.0" classname="Master"/>
  <testcase name="main" time="0.0" classname="Master"/>
  <testcase name="main" time="0.0" classname="Master"/>
  <testcase name="main" time="0.0" classname="Master"/>
  <testcase name="main" time="0.0" classname="Master"/>
  <testcase name="main" time="0.0" classname="Master"/>
  <testcase name="main" time="0.0" classname="Master"/>
  <testcase name="main" time="0.0" classname="Master"/>
  <testcase name="main" time="0.0" classname="Master"/>
  <testcase name="main" time="0.0" classname="Master"/>
  <testcase name="main" time="0.0" classname="Master"/>
  <testcase name="main" time="0.0" classname="Master"/>
  <testcase name="main" time="0.0" classname="Master"/>
  <testcase name="main" time="0.0" classname="Master"/>
  <testcase name="main" time="0.0" classname="Master"/>
  <testcase name="main" time="0.0" classname="Master"/>
  <testcase name="main" time="0.0" classname="Master"/>
  <testcase name="main" time="0.0" classname="Master"/>
  <testcase name="main" time="0.0" classname="Master"/>
  <testcase name="main" time="0.0" classname="Master"/>
  <testcase name="main" time="0.0" classname="Master"/>
  <testcase name="main" time="0.0" classname="Master"/>
  <testcase name="main" time="0.0" classname="Master"/>
  <testcase name="main" time="0.0" classname="Master"/>
  <testcase name="main" time="0.001" classname="Master"/>
  <testcase name="main" time="0.0" classname="Master"/>
  <testcase name="main" time="0.0" classname="Master"/>
  <testcase name="main" time="0.0" classname="Master"/>
  <testcase name="main" time="0.0" classname="Master"/>
  <testcase name="main" time="0.0" classname="Master"/>
  <testcase name="main" time="0.0" classname="Master"/>
  <testcase name="main" time="0.0" classname="Master"/>
  <testcase name="main" time="0.0" classname="Master"/>
  <testcase name="main" time="0.0" classname="Master"/>
  <testcase name="main" time="0.0" classname="Master"/>
  <testcase name="main" time="0.0" classname="Master"/>
  <testcase name="main" time="0.0" classname="Master"/>
  <testcase name="main" time="0.0" classname="Master"/>
  <testcase name="main" time="0.0" classname="Master"/>
  <testcase name="main" time="0.0" classname="Master"/>
  <testcase name="main" time="0.0" classname="Master"/>
  <testcase name="main" time="0.0" classname="Master"/>
  <testcase name="main" time="0.0" classname="Master"/>
  <testcase name="main" time="0.0" classname="Master"/>
  <testcase name="main" time="0.0" classname="Master"/>
  <testcase name="main" time="0.0" classname="Master"/>
  <testcase name="main" time="0.0" classname="Master"/>
  <testcase name="main" time="0.0" classname="Master"/>
  <testcase name="main" time="0.0" classname="Master"/>
  <testcase name="main" time="0.0" classname="Master"/>
  <testcase name="main" time="0.0" classname="Master"/>
  <testcase name="main" time="0.0" classname="Master"/>
  <testcase name="main" time="0.0" classname="Master"/>
  <testcase name="main" time="0.0" classname="Master"/>
  <testcase name="main" time="0.0" classname="Master"/>
  <testcase name="main" time="0.0" classname="Master"/>
  <testcase name="main" time="0.0" classname="Master"/>
  <testcase name="main" time="0.0" classname="Master"/>
  <testcase name="main" time="0.0" classname="Master"/>
  <testcase name="main" time="0.0" classname="Master"/>
  <testcase name="main" time="0.0" classname="Master"/>
  <testcase name="main" time="0.0" classname="Master"/>
  <testcase name="main" time="0.0" classname="Master"/>
  <testcase name="main" time="0.0" classname="Master"/>
  <testcase name="main" time="0.0" classname="Master"/>
  <testcase name="main" time="0.0" classname="Master"/>
  <testcase name="main" time="0.0" classname="Master"/>
  <testcase name="main" time="0.0" classname="Master"/>
  <testcase name="main" time="0.0" classname="Master"/>
  <testcase name="main" time="0.0" classname="Master"/>
  <testcase name="main" time="0.0" classname="Master"/>
  <testcase name="main" time="0.0" classname="Master"/>
  <testcase name="main" time="0.0" classname="Master"/>
  <testcase name="main" time="0.001" classname="Master"/>
  <testcase name="main" time="0.0" classname="Master"/>
  <testcase name="main" time="0.0" classname="Master"/>
  <testcase name="main" time="0.0" classname="Master"/>
  <testcase name="main" time="0.0" classname="Master"/>
  <testcase name="main" time="0.0" classname="Master"/>
  <testcase name="main" time="0.0" classname="Master"/>
  <testcase name="main" time="0.0" classname="Master"/>
  <testcase name="main" time="0.0" classname="Master"/>
  <testcase name="main" time="0.0" classname="Master"/>
  <testcase name="main" time="0.0" classname="Master"/>
  <testcase name="main" time="0.0" classname="Master"/>
</testsuite>
